<?xml version="1.0" encoding="UTF-8"?>
<testsuite xmlns:xsi="http://www.w3.org/2001/XMLSchema-instance" xsi:noNamespaceSchemaLocation="https://maven.apache.org/surefire/maven-surefire-plugin/xsd/surefire-test-report-3.0.xsd" version="3.0" name="com.vermilion.calculator.CalculatorTest" time="0.051" tests="11" errors="0" skipped="0" failures="0">
  <properties>
    <property name="java.specification.version" value="17"/>
    <property name="sun.cpu.isalist" value="amd64"/>
    <property name="sun.jnu.encoding" value="Cp1251"/>
    <property name="java.class.path" value="D:\УЧЕБА 5 СЕМ\УЧЕБА 5 СЕМ\EPAM\Lab 6-7\Lab6-7_additional_labs\Calculator\target\test-classes;D:\УЧЕБА 5 СЕМ\УЧЕБА 5 СЕМ\EPAM\Lab 6-7\Lab6-7_additional_labs\Calculator\target\classes;C:\Users\serez\.m2\repository\org\junit\jupiter\junit-jupiter-api\5.9.1\junit-jupiter-api-5.9.1.jar;C:\Users\serez\.m2\repository\org\opentest4j\opentest4j\1.2.0\opentest4j-1.2.0.jar;C:\Users\serez\.m2\repository\org\junit\platform\junit-platform-commons\1.9.1\junit-platform-commons-1.9.1.jar;C:\Users\serez\.m2\repository\org\apiguardian\apiguardian-api\1.1.2\apiguardian-api-1.1.2.jar;C:\Users\serez\.m2\repository\org\junit\jupiter\junit-jupiter-engine\5.9.1\junit-jupiter-engine-5.9.1.jar;C:\Users\serez\.m2\repository\org\junit\platform\junit-platform-engine\1.9.1\junit-platform-engine-1.9.1.jar;"/>
    <property name="java.vm.vendor" value="Oracle Corporation"/>
    <property name="sun.arch.data.model" value="64"/>
    <property name="user.variant" value=""/>
    <property name="java.vendor.url" value="https://java.oracle.com/"/>
    <property name="user.timezone" value="Europe/Minsk"/>
    <property name="os.name" value="Windows 11"/>
    <property name="java.vm.specification.version" value="17"/>
    <property name="sun.java.launcher" value="SUN_STANDARD"/>
    <property name="user.country" value="RU"/>
    <property name="sun.boot.library.path" value="C:\Program Files\Java\jdk-17.0.5\bin"/>
    <property name="sun.java.command" value="C:\Users\serez\AppData\Local\Temp\surefire10050465103690665472\surefirebooter-20221125115956307_3.jar C:\Users\serez\AppData\Local\Temp\surefire10050465103690665472 2022-11-25T11-59-56_031-jvmRun1 surefire-20221125115956307_1tmp surefire_0-20221125115956307_2tmp"/>
    <property name="jdk.debug" value="release"/>
    <property name="surefire.test.class.path" value="D:\УЧЕБА 5 СЕМ\УЧЕБА 5 СЕМ\EPAM\Lab 6-7\Lab6-7_additional_labs\Calculator\target\test-classes;D:\УЧЕБА 5 СЕМ\УЧЕБА 5 СЕМ\EPAM\Lab 6-7\Lab6-7_additional_labs\Calculator\target\classes;C:\Users\serez\.m2\repository\org\junit\jupiter\junit-jupiter-api\5.9.1\junit-jupiter-api-5.9.1.jar;C:\Users\serez\.m2\repository\org\opentest4j\opentest4j\1.2.0\opentest4j-1.2.0.jar;C:\Users\serez\.m2\repository\org\junit\platform\junit-platform-commons\1.9.1\junit-platform-commons-1.9.1.jar;C:\Users\serez\.m2\repository\org\apiguardian\apiguardian-api\1.1.2\apiguardian-api-1.1.2.jar;C:\Users\serez\.m2\repository\org\junit\jupiter\junit-jupiter-engine\5.9.1\junit-jupiter-engine-5.9.1.jar;C:\Users\serez\.m2\repository\org\junit\platform\junit-platform-engine\1.9.1\junit-platform-engine-1.9.1.jar;"/>
    <property name="sun.cpu.endian" value="little"/>
    <property name="user.home" value="C:\Users\serez"/>
    <property name="user.language" value="ru"/>
    <property name="java.specification.vendor" value="Oracle Corporation"/>
    <property name="java.version.date" value="2022-10-18"/>
    <property name="java.home" value="C:\Program Files\Java\jdk-17.0.5"/>
    <property name="file.separator" value="\"/>
    <property name="basedir" value="D:\УЧЕБА 5 СЕМ\УЧЕБА 5 СЕМ\EPAM\Lab 6-7\Lab6-7_additional_labs\Calculator"/>
    <property name="java.vm.compressedOopsMode" value="Zero based"/>
    <property name="line.separator" value="&#10;"/>
    <property name="java.vm.specification.vendor" value="Oracle Corporation"/>
    <property name="java.specification.name" value="Java Platform API Specification"/>
    <property name="surefire.real.class.path" value="C:\Users\serez\AppData\Local\Temp\surefire10050465103690665472\surefirebooter-20221125115956307_3.jar"/>
    <property name="user.script" value=""/>
    <property name="sun.management.compiler" value="HotSpot 64-Bit Tiered Compilers"/>
    <property name="java.runtime.version" value="17.0.5+9-LTS-191"/>
    <property name="user.name" value="serez"/>
    <property name="path.separator" value=";"/>
    <property name="os.version" value="10.0"/>
    <property name="java.runtime.name" value="Java(TM) SE Runtime Environment"/>
    <property name="file.encoding" value="Cp1251"/>
    <property name="java.vm.name" value="Java HotSpot(TM) 64-Bit Server VM"/>
    <property name="localRepository" value="C:\Users\serez\.m2\repository"/>
    <property name="java.vendor.url.bug" value="https://bugreport.java.com/bugreport/"/>
    <property name="java.io.tmpdir" value="C:\Users\serez\AppData\Local\Temp\"/>
    <property name="idea.version" value="2022.2.3"/>
    <property name="java.version" value="17.0.5"/>
    <property name="user.dir" value="D:\УЧЕБА 5 СЕМ\УЧЕБА 5 СЕМ\EPAM\Lab 6-7\Lab6-7_additional_labs\Calculator"/>
    <property name="os.arch" value="amd64"/>
    <property name="java.vm.specification.name" value="Java Virtual Machine Specification"/>
    <property name="sun.os.patch.level" value=""/>
    <property name="native.encoding" value="Cp1251"/>
    <property name="java.library.path" value="C:\Program Files\Java\jdk-17.0.5\bin;C:\WINDOWS\Sun\Java\bin;C:\WINDOWS\system32;C:\WINDOWS;C:\Program Files\Java\jdk-17.0.5\bin;C:\WINDOWS\system32;C:\WINDOWS;C:\WINDOWS\System32\Wbem;C:\WINDOWS\System32\WindowsPowerShell\v1.0\;C:\WINDOWS\System32\OpenSSH\;C:\Program Files\nodejs\;C:\Program Files\Git\cmd;C:\Program Files\Git;D:\Tools\chromedriver_win32;C:\Program Files\Cloudflare\Cloudflare WARP\;C:\Users\serez\AppData\Local\Microsoft\WindowsApps;C:\Users\serez\AppData\Local\JetBrains\Toolbox\scripts;C:\Users\serez\AppData\Roaming\npm;%USERPROFILE%\AppData\Local\Microsoft\WindowsApps;;."/>
    <property name="java.vm.info" value="mixed mode, sharing"/>
    <property name="java.vendor" value="Oracle Corporation"/>
    <property name="java.vm.version" value="17.0.5+9-LTS-191"/>
    <property name="sun.io.unicode.encoding" value="UnicodeLittle"/>
    <property name="java.class.version" value="61.0"/>
  </properties>
  <testcase name="testNotNullLineShouldNotTrow" classname="com.vermilion.calculator.CalculatorTest" time="0.024"/>
  <testcase name="testMinusOperation" classname="com.vermilion.calculator.CalculatorTest" time="0.003"/>
  <testcase name="testPlusOperation" classname="com.vermilion.calculator.CalculatorTest" time="0.001"/>
  <testcase name="testResultShouldBeEmptyIfLineInvalid" classname="com.vermilion.calculator.CalculatorTest" time="0.001"/>
  <testcase name="testResultShouldBeEmptyIfLineIsWord" classname="com.vermilion.calculator.CalculatorTest" time="0"/>
  <testcase name="testEmptyLineShouldProduceEmptyResult" classname="com.vermilion.calculator.CalculatorTest" time="0.001"/>
  <testcase name="testResultShouldBeEmptyIfLineHasInvalidOperations" classname="com.vermilion.calculator.CalculatorTest" time="0.001"/>
  <testcase name="testNullLineShouldThrow" classname="com.vermilion.calculator.CalculatorTest" time="0.001"/>
  <testcase name="testDivideOperation" classname="com.vermilion.calculator.CalculatorTest" time="0.001"/>
  <testcase name="testSingleNumberShouldProduceEmptyResult" classname="com.vermilion.calculator.CalculatorTest" time="0.001"/>
  <testcase name="testMultiplyOperation" classname="com.vermilion.calculator.CalculatorTest" time="0.001"/>
</testsuite>